<?xml version="1.0" encoding="UTF-8"?>
<coverage generated="1704298760927" clover="3.2.0">
  <project timestamp="1704298760928" name="All files">
    <metrics statements="91" coveredstatements="66" conditionals="14" coveredconditionals="6" methods="35" coveredmethods="20" elements="140" coveredelements="92" complexity="0" loc="91" ncloc="91" packages="2" files="16" classes="16"/>
    <package name="components">
      <metrics statements="55" coveredstatements="41" conditionals="14" coveredconditionals="6" methods="24" coveredmethods="15"/>
      <file name="Body.js" path="C:\Users\Ankush Yadav\Desktop\Namaste-React-Learning\Chapter 13-Time for the test\code\src\components\Body.js">
        <metrics statements="27" coveredstatements="14" conditionals="12" coveredconditionals="5" methods="11" coveredmethods="3"/>
        <line num="10" count="1" type="stmt"/>
        <line num="11" count="5" type="stmt"/>
        <line num="12" count="4" type="stmt"/>
        <line num="13" count="4" type="stmt"/>
        <line num="14" count="4" type="stmt"/>
        <line num="17" count="4" type="stmt"/>
        <line num="21" count="4" type="stmt"/>
        <line num="22" count="2" type="stmt"/>
        <line num="25" count="4" type="stmt"/>
        <line num="26" count="0" type="stmt"/>
        <line num="27" count="0" type="cond" truecount="0" falsecount="2"/>
        <line num="31" count="0" type="cond" truecount="0" falsecount="2"/>
        <line num="34" count="0" type="stmt"/>
        <line num="38" count="4" type="cond" truecount="1" falsecount="1"/>
        <line num="39" count="0" type="stmt"/>
        <line num="42" count="4" type="cond" truecount="2" falsecount="0"/>
        <line num="43" count="3" type="stmt"/>
        <line num="47" count="1" type="stmt"/>
        <line num="60" count="0" type="stmt"/>
        <line num="61" count="0" type="stmt"/>
        <line num="64" count="0" type="cond" truecount="0" falsecount="2"/>
        <line num="65" count="0" type="stmt"/>
        <line num="83" count="0" type="stmt"/>
        <line num="84" count="0" type="stmt"/>
        <line num="92" count="0" type="stmt"/>
        <line num="93" count="0" type="stmt"/>
        <line num="104" count="9" type="stmt"/>
      </file>
      <file name="Contact.js" path="C:\Users\Ankush Yadav\Desktop\Namaste-React-Learning\Chapter 13-Time for the test\code\src\components\Contact.js">
        <metrics statements="2" coveredstatements="2" conditionals="0" coveredconditionals="0" methods="1" coveredmethods="1"/>
        <line num="2" count="1" type="stmt"/>
        <line num="3" count="4" type="stmt"/>
      </file>
      <file name="DisplayPromoted.js" path="C:\Users\Ankush Yadav\Desktop\Namaste-React-Learning\Chapter 13-Time for the test\code\src\components\DisplayPromoted.js">
        <metrics statements="2" coveredstatements="2" conditionals="0" coveredconditionals="0" methods="1" coveredmethods="1"/>
        <line num="1" count="2" type="stmt"/>
        <line num="2" count="2" type="stmt"/>
      </file>
      <file name="Header.js" path="C:\Users\Ankush Yadav\Desktop\Namaste-React-Learning\Chapter 13-Time for the test\code\src\components\Header.js">
        <metrics statements="6" coveredstatements="6" conditionals="2" coveredconditionals="1" methods="3" coveredmethods="3"/>
        <line num="10" count="1" type="stmt"/>
        <line num="12" count="5" type="stmt"/>
        <line num="16" count="5" type="stmt"/>
        <line num="21" count="9" type="stmt"/>
        <line num="26" count="5" type="stmt"/>
        <line num="61" count="1" type="cond" truecount="1" falsecount="1"/>
      </file>
      <file name="NetworkStatus.js" path="C:\Users\Ankush Yadav\Desktop\Namaste-React-Learning\Chapter 13-Time for the test\code\src\components\NetworkStatus.js">
        <metrics statements="2" coveredstatements="1" conditionals="0" coveredconditionals="0" methods="1" coveredmethods="0"/>
        <line num="2" count="1" type="stmt"/>
        <line num="4" count="0" type="stmt"/>
      </file>
      <file name="RestaurantCard.js" path="C:\Users\Ankush Yadav\Desktop\Namaste-React-Learning\Chapter 13-Time for the test\code\src\components\RestaurantCard.js">
        <metrics statements="8" coveredstatements="8" conditionals="0" coveredconditionals="0" methods="3" coveredmethods="3"/>
        <line num="6" count="2" type="stmt"/>
        <line num="8" count="10" type="stmt"/>
        <line num="13" count="10" type="stmt"/>
        <line num="14" count="10" type="stmt"/>
        <line num="16" count="10" type="stmt"/>
        <line num="58" count="2" type="stmt"/>
        <line num="59" count="4" type="stmt"/>
        <line num="60" count="2" type="stmt"/>
      </file>
      <file name="Shimmer.js" path="C:\Users\Ankush Yadav\Desktop\Namaste-React-Learning\Chapter 13-Time for the test\code\src\components\Shimmer.js">
        <metrics statements="2" coveredstatements="2" conditionals="0" coveredconditionals="0" methods="1" coveredmethods="1"/>
        <line num="5" count="1" type="stmt"/>
        <line num="6" count="3" type="stmt"/>
      </file>
      <file name="ShimmerCard.js" path="C:\Users\Ankush Yadav\Desktop\Namaste-React-Learning\Chapter 13-Time for the test\code\src\components\ShimmerCard.js">
        <metrics statements="2" coveredstatements="2" conditionals="0" coveredconditionals="0" methods="1" coveredmethods="1"/>
        <line num="2" count="1" type="stmt"/>
        <line num="3" count="36" type="stmt"/>
      </file>
      <file name="minus.js" path="C:\Users\Ankush Yadav\Desktop\Namaste-React-Learning\Chapter 13-Time for the test\code\src\components\minus.js">
        <metrics statements="2" coveredstatements="2" conditionals="0" coveredconditionals="0" methods="1" coveredmethods="1"/>
        <line num="1" count="1" type="stmt"/>
        <line num="2" count="1" type="stmt"/>
      </file>
      <file name="sum.js" path="C:\Users\Ankush Yadav\Desktop\Namaste-React-Learning\Chapter 13-Time for the test\code\src\components\sum.js">
        <metrics statements="2" coveredstatements="2" conditionals="0" coveredconditionals="0" methods="1" coveredmethods="1"/>
        <line num="1" count="1" type="stmt"/>
        <line num="2" count="1" type="stmt"/>
      </file>
    </package>
    <package name="utilities">
      <metrics statements="36" coveredstatements="25" conditionals="0" coveredconditionals="0" methods="11" coveredmethods="5"/>
      <file name="UserContext.js" path="C:\Users\Ankush Yadav\Desktop\Namaste-React-Learning\Chapter 13-Time for the test\code\src\utilities\UserContext.js">
        <metrics statements="1" coveredstatements="1" conditionals="0" coveredconditionals="0" methods="0" coveredmethods="0"/>
        <line num="4" count="1" type="stmt"/>
      </file>
      <file name="appStore.js" path="C:\Users\Ankush Yadav\Desktop\Namaste-React-Learning\Chapter 13-Time for the test\code\src\utilities\appStore.js">
        <metrics statements="1" coveredstatements="1" conditionals="0" coveredconditionals="0" methods="0" coveredmethods="0"/>
        <line num="6" count="1" type="stmt"/>
      </file>
      <file name="cartSlice.js" path="C:\Users\Ankush Yadav\Desktop\Namaste-React-Learning\Chapter 13-Time for the test\code\src\utilities\cartSlice.js">
        <metrics statements="11" coveredstatements="2" conditionals="0" coveredconditionals="0" methods="4" coveredmethods="0"/>
        <line num="5" count="1" type="stmt"/>
        <line num="18" count="0" type="stmt"/>
        <line num="20" count="0" type="stmt"/>
        <line num="31" count="0" type="stmt"/>
        <line num="32" count="0" type="stmt"/>
        <line num="33" count="0" type="stmt"/>
        <line num="34" count="0" type="stmt"/>
        <line num="35" count="0" type="stmt"/>
        <line num="37" count="0" type="stmt"/>
        <line num="41" count="0" type="stmt"/>
        <line num="46" count="1" type="stmt"/>
      </file>
      <file name="config.js" path="C:\Users\Ankush Yadav\Desktop\Namaste-React-Learning\Chapter 13-Time for the test\code\src\utilities\config.js">
        <metrics statements="6" coveredstatements="6" conditionals="0" coveredconditionals="0" methods="0" coveredmethods="0"/>
        <line num="3" count="3" type="stmt"/>
        <line num="5" count="3" type="stmt"/>
        <line num="7" count="3" type="stmt"/>
        <line num="9" count="3" type="stmt"/>
        <line num="11" count="3" type="stmt"/>
        <line num="13" count="3" type="stmt"/>
      </file>
      <file name="useOnlineStatus.js" path="C:\Users\Ankush Yadav\Desktop\Namaste-React-Learning\Chapter 13-Time for the test\code\src\utilities\useOnlineStatus.js">
        <metrics statements="8" coveredstatements="6" conditionals="0" coveredconditionals="0" methods="4" coveredmethods="2"/>
        <line num="3" count="1" type="stmt"/>
        <line num="4" count="4" type="stmt"/>
        <line num="7" count="4" type="stmt"/>
        <line num="10" count="1" type="stmt"/>
        <line num="11" count="0" type="stmt"/>
        <line num="16" count="1" type="stmt"/>
        <line num="17" count="0" type="stmt"/>
        <line num="23" count="4" type="stmt"/>
      </file>
      <file name="useRestaurantList.js" path="C:\Users\Ankush Yadav\Desktop\Namaste-React-Learning\Chapter 13-Time for the test\code\src\utilities\useRestaurantList.js">
        <metrics statements="9" coveredstatements="9" conditionals="0" coveredconditionals="0" methods="3" coveredmethods="3"/>
        <line num="6" count="1" type="stmt"/>
        <line num="8" count="4" type="stmt"/>
        <line num="12" count="4" type="stmt"/>
        <line num="13" count="1" type="stmt"/>
        <line num="17" count="4" type="stmt"/>
        <line num="20" count="1" type="stmt"/>
        <line num="22" count="1" type="stmt"/>
        <line num="25" count="1" type="stmt"/>
        <line num="30" count="4" type="stmt"/>
      </file>
    </package>
  </project>
</coverage>
