{"C:\\Users\\Ankush Yadav\\Desktop\\Namaste-React-Learning\\Chapter 13-Time for the test\\code\\src\\components\\Body.js": {"path":"C:\\Users\\Ankush Yadav\\Desktop\\Namaste-React-Learning\\Chapter 13-Time for the test\\code\\src\\components\\Body.js","statementMap":{"0":{"start":{"line":10,"column":13},"end":{"line":122,"column":1}},"1":{"start":{"line":11,"column":52},"end":{"line":11,"column":64}},"2":{"start":{"line":12,"column":38},"end":{"line":12,"column":50}},"3":{"start":{"line":13,"column":28},"end":{"line":13,"column":47}},"4":{"start":{"line":14,"column":23},"end":{"line":14,"column":40}},"5":{"start":{"line":17,"column":32},"end":{"line":17,"column":65}},"6":{"start":{"line":21,"column":2},"end":{"line":23,"column":26}},"7":{"start":{"line":22,"column":4},"end":{"line":22,"column":44}},"8":{"start":{"line":25,"column":23},"end":{"line":36,"column":3}},"9":{"start":{"line":26,"column":23},"end":{"line":29,"column":5}},"10":{"start":{"line":27,"column":6},"end":{"line":28,"column":44}},"11":{"start":{"line":31,"column":4},"end":{"line":35,"column":5}},"12":{"start":{"line":34,"column":6},"end":{"line":34,"column":41}},"13":{"start":{"line":38,"column":2},"end":{"line":40,"column":3}},"14":{"start":{"line":39,"column":4},"end":{"line":39,"column":29}},"15":{"start":{"line":42,"column":2},"end":{"line":44,"column":3}},"16":{"start":{"line":43,"column":4},"end":{"line":43,"column":23}},"17":{"start":{"line":47,"column":2},"end":{"line":121,"column":4}},"18":{"start":{"line":60,"column":4},"end":{"line":60,"column":38}},"19":{"start":{"line":61,"column":4},"end":{"line":61,"column":19}},"20":{"start":{"line":64,"column":4},"end":{"line":66,"column":5}},"21":{"start":{"line":65,"column":6},"end":{"line":65,"column":21}},"22":{"start":{"line":83,"column":34},"end":{"line":83,"column":91}},"23":{"start":{"line":83,"column":68},"end":{"line":83,"column":90}},"24":{"start":{"line":84,"column":12},"end":{"line":84,"column":48}},"25":{"start":{"line":92,"column":39},"end":{"line":92,"column":95}},"26":{"start":{"line":92,"column":73},"end":{"line":92,"column":94}},"27":{"start":{"line":93,"column":12},"end":{"line":93,"column":53}},"28":{"start":{"line":104,"column":10},"end":{"line":116,"column":17}}},"fnMap":{"0":{"name":"(anonymous_0)","decl":{"start":{"line":10,"column":13},"end":{"line":10,"column":14}},"loc":{"start":{"line":10,"column":19},"end":{"line":122,"column":1}},"line":10},"1":{"name":"(anonymous_1)","decl":{"start":{"line":21,"column":12},"end":{"line":21,"column":13}},"loc":{"start":{"line":21,"column":18},"end":{"line":23,"column":3}},"line":21},"2":{"name":"(anonymous_2)","decl":{"start":{"line":25,"column":23},"end":{"line":25,"column":24}},"loc":{"start":{"line":25,"column":29},"end":{"line":36,"column":3}},"line":25},"3":{"name":"(anonymous_3)","decl":{"start":{"line":26,"column":48},"end":{"line":26,"column":49}},"loc":{"start":{"line":27,"column":6},"end":{"line":28,"column":44}},"line":27},"4":{"name":"(anonymous_4)","decl":{"start":{"line":59,"column":12},"end":{"line":59,"column":13}},"loc":{"start":{"line":59,"column":23},"end":{"line":62,"column":3}},"line":59},"5":{"name":"(anonymous_5)","decl":{"start":{"line":63,"column":13},"end":{"line":63,"column":14}},"loc":{"start":{"line":63,"column":24},"end":{"line":67,"column":3}},"line":63},"6":{"name":"(anonymous_6)","decl":{"start":{"line":82,"column":19},"end":{"line":82,"column":20}},"loc":{"start":{"line":82,"column":25},"end":{"line":85,"column":11}},"line":82},"7":{"name":"(anonymous_7)","decl":{"start":{"line":83,"column":59},"end":{"line":83,"column":60}},"loc":{"start":{"line":83,"column":68},"end":{"line":83,"column":90}},"line":83},"8":{"name":"(anonymous_8)","decl":{"start":{"line":91,"column":19},"end":{"line":91,"column":20}},"loc":{"start":{"line":91,"column":25},"end":{"line":94,"column":11}},"line":91},"9":{"name":"(anonymous_9)","decl":{"start":{"line":92,"column":64},"end":{"line":92,"column":65}},"loc":{"start":{"line":92,"column":73},"end":{"line":92,"column":94}},"line":92},"10":{"name":"(anonymous_10)","decl":{"start":{"line":102,"column":32},"end":{"line":102,"column":33}},"loc":{"start":{"line":104,"column":10},"end":{"line":116,"column":17}},"line":104}},"branchMap":{"0":{"loc":{"start":{"line":27,"column":6},"end":{"line":28,"column":44}},"type":"binary-expr","locations":[{"start":{"line":27,"column":6},"end":{"line":27,"column":68}},{"start":{"line":28,"column":6},"end":{"line":28,"column":44}}],"line":27},"1":{"loc":{"start":{"line":31,"column":4},"end":{"line":35,"column":5}},"type":"if","locations":[{"start":{"line":31,"column":4},"end":{"line":35,"column":5}},{"start":{"line":33,"column":11},"end":{"line":35,"column":5}}],"line":31},"2":{"loc":{"start":{"line":38,"column":2},"end":{"line":40,"column":3}},"type":"if","locations":[{"start":{"line":38,"column":2},"end":{"line":40,"column":3}},{"start":{},"end":{}}],"line":38},"3":{"loc":{"start":{"line":42,"column":2},"end":{"line":44,"column":3}},"type":"if","locations":[{"start":{"line":42,"column":2},"end":{"line":44,"column":3}},{"start":{},"end":{}}],"line":42},"4":{"loc":{"start":{"line":64,"column":4},"end":{"line":66,"column":5}},"type":"if","locations":[{"start":{"line":64,"column":4},"end":{"line":66,"column":5}},{"start":{},"end":{}}],"line":64},"5":{"loc":{"start":{"line":110,"column":1},"end":{"line":113,"column":55}},"type":"cond-expr","locations":[{"start":{"line":111,"column":2},"end":{"line":112,"column":4}},{"start":{"line":113,"column":8},"end":{"line":113,"column":54}}],"line":110}},"s":{"0":1,"1":5,"2":4,"3":4,"4":4,"5":4,"6":4,"7":2,"8":4,"9":0,"10":0,"11":0,"12":0,"13":4,"14":0,"15":4,"16":3,"17":1,"18":0,"19":0,"20":0,"21":0,"22":0,"23":0,"24":0,"25":0,"26":0,"27":0,"28":9},"f":{"0":5,"1":2,"2":0,"3":0,"4":0,"5":0,"6":0,"7":0,"8":0,"9":0,"10":9},"b":{"0":[0,0],"1":[0,0],"2":[0,4],"3":[3,1],"4":[0,0],"5":[2,7]},"_coverageSchema":"1a1c01bbd47fc00a2c39e90264f33305004495a9","hash":"b33c2284fcc1e4f4a95ab2cdd353e9b1d4a6024c"}
,"C:\\Users\\Ankush Yadav\\Desktop\\Namaste-React-Learning\\Chapter 13-Time for the test\\code\\src\\components\\Contact.js": {"path":"C:\\Users\\Ankush Yadav\\Desktop\\Namaste-React-Learning\\Chapter 13-Time for the test\\code\\src\\components\\Contact.js","statementMap":{"0":{"start":{"line":2,"column":16},"end":{"line":26,"column":1}},"1":{"start":{"line":3,"column":0},"end":{"line":25,"column":1}}},"fnMap":{"0":{"name":"(anonymous_0)","decl":{"start":{"line":2,"column":16},"end":{"line":2,"column":17}},"loc":{"start":{"line":2,"column":20},"end":{"line":26,"column":1}},"line":2}},"branchMap":{},"s":{"0":1,"1":4},"f":{"0":4},"b":{},"_coverageSchema":"1a1c01bbd47fc00a2c39e90264f33305004495a9","hash":"567cebd2832dda004353f7d8925cef54edd70462"}
,"C:\\Users\\Ankush Yadav\\Desktop\\Namaste-React-Learning\\Chapter 13-Time for the test\\code\\src\\components\\DisplayPromoted.js": {"path":"C:\\Users\\Ankush Yadav\\Desktop\\Namaste-React-Learning\\Chapter 13-Time for the test\\code\\src\\components\\DisplayPromoted.js","statementMap":{"0":{"start":{"line":1,"column":24},"end":{"line":5,"column":1}},"1":{"start":{"line":2,"column":0},"end":{"line":4,"column":1}}},"fnMap":{"0":{"name":"(anonymous_0)","decl":{"start":{"line":1,"column":24},"end":{"line":1,"column":25}},"loc":{"start":{"line":1,"column":28},"end":{"line":5,"column":1}},"line":1}},"branchMap":{},"s":{"0":2,"1":2},"f":{"0":2},"b":{},"_coverageSchema":"1a1c01bbd47fc00a2c39e90264f33305004495a9","hash":"6e4c4bfaaaeed8218a5525ab6bc361fe980ee948"}
,"C:\\Users\\Ankush Yadav\\Desktop\\Namaste-React-Learning\\Chapter 13-Time for the test\\code\\src\\components\\Header.js": {"path":"C:\\Users\\Ankush Yadav\\Desktop\\Namaste-React-Learning\\Chapter 13-Time for the test\\code\\src\\components\\Header.js","statementMap":{"0":{"start":{"line":10,"column":15},"end":{"line":71,"column":1}},"1":{"start":{"line":12,"column":42},"end":{"line":12,"column":59}},"2":{"start":{"line":16,"column":23},"end":{"line":16,"column":46}},"3":{"start":{"line":21,"column":18},"end":{"line":21,"column":57}},"4":{"start":{"line":21,"column":40},"end":{"line":21,"column":56}},"5":{"start":{"line":26,"column":2},"end":{"line":70,"column":4}},"6":{"start":{"line":61,"column":14},"end":{"line":62,"column":68}}},"fnMap":{"0":{"name":"(anonymous_0)","decl":{"start":{"line":10,"column":15},"end":{"line":10,"column":16}},"loc":{"start":{"line":10,"column":21},"end":{"line":71,"column":1}},"line":10},"1":{"name":"(anonymous_1)","decl":{"start":{"line":21,"column":30},"end":{"line":21,"column":31}},"loc":{"start":{"line":21,"column":40},"end":{"line":21,"column":56}},"line":21},"2":{"name":"(anonymous_2)","decl":{"start":{"line":59,"column":21},"end":{"line":59,"column":22}},"loc":{"start":{"line":59,"column":27},"end":{"line":63,"column":13}},"line":59}},"branchMap":{"0":{"loc":{"start":{"line":61,"column":14},"end":{"line":62,"column":68}},"type":"cond-expr","locations":[{"start":{"line":62,"column":16},"end":{"line":62,"column":41}},{"start":{"line":62,"column":44},"end":{"line":62,"column":68}}],"line":61}},"s":{"0":1,"1":5,"2":5,"3":5,"4":9,"5":5,"6":1},"f":{"0":5,"1":9,"2":1},"b":{"0":[1,0]},"_coverageSchema":"1a1c01bbd47fc00a2c39e90264f33305004495a9","hash":"05314f566b48c7be0ecf446792462896efd422d5"}
,"C:\\Users\\Ankush Yadav\\Desktop\\Namaste-React-Learning\\Chapter 13-Time for the test\\code\\src\\components\\NetworkStatus.js": {"path":"C:\\Users\\Ankush Yadav\\Desktop\\Namaste-React-Learning\\Chapter 13-Time for the test\\code\\src\\components\\NetworkStatus.js","statementMap":{"0":{"start":{"line":2,"column":22},"end":{"line":14,"column":1}},"1":{"start":{"line":4,"column":0},"end":{"line":13,"column":1}}},"fnMap":{"0":{"name":"(anonymous_0)","decl":{"start":{"line":2,"column":22},"end":{"line":2,"column":23}},"loc":{"start":{"line":2,"column":26},"end":{"line":14,"column":1}},"line":2}},"branchMap":{},"s":{"0":1,"1":0},"f":{"0":0},"b":{},"_coverageSchema":"1a1c01bbd47fc00a2c39e90264f33305004495a9","hash":"df556829bab1c3ca0bde0e795888c2d35ba9cf33"}
,"C:\\Users\\Ankush Yadav\\Desktop\\Namaste-React-Learning\\Chapter 13-Time for the test\\code\\src\\components\\RestaurantCard.js": {"path":"C:\\Users\\Ankush Yadav\\Desktop\\Namaste-React-Learning\\Chapter 13-Time for the test\\code\\src\\components\\RestaurantCard.js","statementMap":{"0":{"start":{"line":6,"column":23},"end":{"line":50,"column":1}},"1":{"start":{"line":8,"column":29},"end":{"line":8,"column":34}},"2":{"start":{"line":13,"column":91},"end":{"line":13,"column":111}},"3":{"start":{"line":14,"column":24},"end":{"line":14,"column":48}},"4":{"start":{"line":16,"column":2},"end":{"line":49,"column":4}},"5":{"start":{"line":58,"column":33},"end":{"line":71,"column":1}},"6":{"start":{"line":59,"column":0},"end":{"line":69,"column":2}},"7":{"start":{"line":60,"column":0},"end":{"line":67,"column":2}}},"fnMap":{"0":{"name":"(anonymous_0)","decl":{"start":{"line":6,"column":23},"end":{"line":6,"column":24}},"loc":{"start":{"line":6,"column":34},"end":{"line":50,"column":1}},"line":6},"1":{"name":"(anonymous_1)","decl":{"start":{"line":58,"column":33},"end":{"line":58,"column":34}},"loc":{"start":{"line":58,"column":51},"end":{"line":71,"column":1}},"line":58},"2":{"name":"(anonymous_2)","decl":{"start":{"line":59,"column":6},"end":{"line":59,"column":7}},"loc":{"start":{"line":59,"column":15},"end":{"line":69,"column":1}},"line":59}},"branchMap":{},"s":{"0":2,"1":10,"2":10,"3":10,"4":10,"5":2,"6":4,"7":2},"f":{"0":10,"1":4,"2":2},"b":{},"_coverageSchema":"1a1c01bbd47fc00a2c39e90264f33305004495a9","hash":"a2f4cfbb0f9b91991f902798f82c94f634821fb3"}
,"C:\\Users\\Ankush Yadav\\Desktop\\Namaste-React-Learning\\Chapter 13-Time for the test\\code\\src\\components\\Shimmer.js": {"path":"C:\\Users\\Ankush Yadav\\Desktop\\Namaste-React-Learning\\Chapter 13-Time for the test\\code\\src\\components\\Shimmer.js","statementMap":{"0":{"start":{"line":5,"column":16},"end":{"line":26,"column":1}},"1":{"start":{"line":6,"column":2},"end":{"line":25,"column":4}}},"fnMap":{"0":{"name":"(anonymous_0)","decl":{"start":{"line":5,"column":16},"end":{"line":5,"column":17}},"loc":{"start":{"line":5,"column":22},"end":{"line":26,"column":1}},"line":5}},"branchMap":{},"s":{"0":1,"1":3},"f":{"0":3},"b":{},"_coverageSchema":"1a1c01bbd47fc00a2c39e90264f33305004495a9","hash":"0fe9fb7e355cf5122afeb29aab7e4fd652187e27"}
,"C:\\Users\\Ankush Yadav\\Desktop\\Namaste-React-Learning\\Chapter 13-Time for the test\\code\\src\\components\\ShimmerCard.js": {"path":"C:\\Users\\Ankush Yadav\\Desktop\\Namaste-React-Learning\\Chapter 13-Time for the test\\code\\src\\components\\ShimmerCard.js","statementMap":{"0":{"start":{"line":2,"column":20},"end":{"line":22,"column":1}},"1":{"start":{"line":3,"column":2},"end":{"line":21,"column":4}}},"fnMap":{"0":{"name":"(anonymous_0)","decl":{"start":{"line":2,"column":20},"end":{"line":2,"column":21}},"loc":{"start":{"line":2,"column":26},"end":{"line":22,"column":1}},"line":2}},"branchMap":{},"s":{"0":1,"1":36},"f":{"0":36},"b":{},"_coverageSchema":"1a1c01bbd47fc00a2c39e90264f33305004495a9","hash":"df140f878dcedc512cf03b19339b5eee892380c6"}
,"C:\\Users\\Ankush Yadav\\Desktop\\Namaste-React-Learning\\Chapter 13-Time for the test\\code\\src\\components\\minus.js": {"path":"C:\\Users\\Ankush Yadav\\Desktop\\Namaste-React-Learning\\Chapter 13-Time for the test\\code\\src\\components\\minus.js","statementMap":{"0":{"start":{"line":1,"column":21},"end":{"line":3,"column":1}},"1":{"start":{"line":2,"column":0},"end":{"line":2,"column":12}}},"fnMap":{"0":{"name":"(anonymous_0)","decl":{"start":{"line":1,"column":21},"end":{"line":1,"column":22}},"loc":{"start":{"line":1,"column":30},"end":{"line":3,"column":1}},"line":1}},"branchMap":{},"s":{"0":1,"1":1},"f":{"0":1},"b":{},"_coverageSchema":"1a1c01bbd47fc00a2c39e90264f33305004495a9","hash":"943d1ee1b32fd5a5a1611f56ff48ff3760ff4454"}
,"C:\\Users\\Ankush Yadav\\Desktop\\Namaste-React-Learning\\Chapter 13-Time for the test\\code\\src\\components\\sum.js": {"path":"C:\\Users\\Ankush Yadav\\Desktop\\Namaste-React-Learning\\Chapter 13-Time for the test\\code\\src\\components\\sum.js","statementMap":{"0":{"start":{"line":1,"column":20},"end":{"line":3,"column":2}},"1":{"start":{"line":2,"column":0},"end":{"line":2,"column":13}}},"fnMap":{"0":{"name":"(anonymous_0)","decl":{"start":{"line":1,"column":20},"end":{"line":1,"column":21}},"loc":{"start":{"line":1,"column":27},"end":{"line":3,"column":2}},"line":1}},"branchMap":{},"s":{"0":1,"1":1},"f":{"0":1},"b":{},"_coverageSchema":"1a1c01bbd47fc00a2c39e90264f33305004495a9","hash":"b3f5c958052996acd8a21591a1284c00786cdb8c"}
,"C:\\Users\\Ankush Yadav\\Desktop\\Namaste-React-Learning\\Chapter 13-Time for the test\\code\\src\\utilities\\UserContext.js": {"path":"C:\\Users\\Ankush Yadav\\Desktop\\Namaste-React-Learning\\Chapter 13-Time for the test\\code\\src\\utilities\\UserContext.js","statementMap":{"0":{"start":{"line":4,"column":20},"end":{"line":6,"column":2}}},"fnMap":{},"branchMap":{},"s":{"0":1},"f":{},"b":{},"_coverageSchema":"1a1c01bbd47fc00a2c39e90264f33305004495a9","hash":"dd76e2d4447bfabbd8277912d9c195eba339940d"}
,"C:\\Users\\Ankush Yadav\\Desktop\\Namaste-React-Learning\\Chapter 13-Time for the test\\code\\src\\utilities\\appStore.js": {"path":"C:\\Users\\Ankush Yadav\\Desktop\\Namaste-React-Learning\\Chapter 13-Time for the test\\code\\src\\utilities\\appStore.js","statementMap":{"0":{"start":{"line":6,"column":18},"end":{"line":15,"column":3}}},"fnMap":{},"branchMap":{},"s":{"0":1},"f":{},"b":{},"_coverageSchema":"1a1c01bbd47fc00a2c39e90264f33305004495a9","hash":"d25673233f5c74adb228f1aa30954e867e39871d"}
,"C:\\Users\\Ankush Yadav\\Desktop\\Namaste-React-Learning\\Chapter 13-Time for the test\\code\\src\\utilities\\cartSlice.js": {"path":"C:\\Users\\Ankush Yadav\\Desktop\\Namaste-React-Learning\\Chapter 13-Time for the test\\code\\src\\utilities\\cartSlice.js","statementMap":{"0":{"start":{"line":5,"column":18},"end":{"line":44,"column":2}},"1":{"start":{"line":18,"column":18},"end":{"line":18,"column":32}},"2":{"start":{"line":20,"column":0},"end":{"line":20,"column":28}},"3":{"start":{"line":31,"column":17},"end":{"line":31,"column":34}},"4":{"start":{"line":32,"column":2},"end":{"line":32,"column":48}},"5":{"start":{"line":33,"column":25},"end":{"line":33,"column":71}},"6":{"start":{"line":33,"column":52},"end":{"line":33,"column":70}},"7":{"start":{"line":34,"column":0},"end":{"line":34,"column":44}},"8":{"start":{"line":35,"column":4},"end":{"line":35,"column":38}},"9":{"start":{"line":37,"column":3},"end":{"line":37,"column":55}},"10":{"start":{"line":41,"column":2},"end":{"line":41,"column":24}},"11":{"start":{"line":46,"column":45},"end":{"line":46,"column":62}}},"fnMap":{"0":{"name":"(anonymous_0)","decl":{"start":{"line":17,"column":8},"end":{"line":17,"column":9}},"loc":{"start":{"line":17,"column":24},"end":{"line":24,"column":1}},"line":17},"1":{"name":"(anonymous_1)","decl":{"start":{"line":30,"column":12},"end":{"line":30,"column":13}},"loc":{"start":{"line":30,"column":31},"end":{"line":38,"column":1}},"line":30},"2":{"name":"(anonymous_2)","decl":{"start":{"line":33,"column":44},"end":{"line":33,"column":45}},"loc":{"start":{"line":33,"column":52},"end":{"line":33,"column":70}},"line":33},"3":{"name":"(anonymous_3)","decl":{"start":{"line":40,"column":10},"end":{"line":40,"column":11}},"loc":{"start":{"line":40,"column":19},"end":{"line":42,"column":3}},"line":40}},"branchMap":{},"s":{"0":1,"1":0,"2":0,"3":0,"4":0,"5":0,"6":0,"7":0,"8":0,"9":0,"10":0,"11":1},"f":{"0":0,"1":0,"2":0,"3":0},"b":{},"_coverageSchema":"1a1c01bbd47fc00a2c39e90264f33305004495a9","hash":"f6d78968ba2a53f5f52873f65681bb50fb064a83"}
,"C:\\Users\\Ankush Yadav\\Desktop\\Namaste-React-Learning\\Chapter 13-Time for the test\\code\\src\\utilities\\config.js": {"path":"C:\\Users\\Ankush Yadav\\Desktop\\Namaste-React-Learning\\Chapter 13-Time for the test\\code\\src\\utilities\\config.js","statementMap":{"0":{"start":{"line":3,"column":24},"end":{"line":3,"column":115}},"1":{"start":{"line":5,"column":24},"end":{"line":5,"column":180}},"2":{"start":{"line":7,"column":24},"end":{"line":7,"column":191}},"3":{"start":{"line":9,"column":33},"end":{"line":9,"column":155}},"4":{"start":{"line":11,"column":23},"end":{"line":11,"column":77}},"5":{"start":{"line":13,"column":24},"end":{"line":13,"column":49}}},"fnMap":{},"branchMap":{},"s":{"0":3,"1":3,"2":3,"3":3,"4":3,"5":3},"f":{},"b":{},"_coverageSchema":"1a1c01bbd47fc00a2c39e90264f33305004495a9","hash":"0c5a48d4d22d3d799c27e23fa3bbc204c190a336"}
,"C:\\Users\\Ankush Yadav\\Desktop\\Namaste-React-Learning\\Chapter 13-Time for the test\\code\\src\\utilities\\useOnlineStatus.js": {"path":"C:\\Users\\Ankush Yadav\\Desktop\\Namaste-React-Learning\\Chapter 13-Time for the test\\code\\src\\utilities\\useOnlineStatus.js","statementMap":{"0":{"start":{"line":3,"column":24},"end":{"line":24,"column":1}},"1":{"start":{"line":4,"column":37},"end":{"line":4,"column":51}},"2":{"start":{"line":7,"column":0},"end":{"line":19,"column":5}},"3":{"start":{"line":10,"column":4},"end":{"line":12,"column":6}},"4":{"start":{"line":11,"column":0},"end":{"line":11,"column":23}},"5":{"start":{"line":16,"column":4},"end":{"line":18,"column":6}},"6":{"start":{"line":17,"column":8},"end":{"line":17,"column":30}},"7":{"start":{"line":23,"column":4},"end":{"line":23,"column":24}}},"fnMap":{"0":{"name":"(anonymous_0)","decl":{"start":{"line":3,"column":24},"end":{"line":3,"column":25}},"loc":{"start":{"line":3,"column":28},"end":{"line":24,"column":1}},"line":3},"1":{"name":"(anonymous_1)","decl":{"start":{"line":7,"column":10},"end":{"line":7,"column":11}},"loc":{"start":{"line":7,"column":14},"end":{"line":19,"column":1}},"line":7},"2":{"name":"(anonymous_2)","decl":{"start":{"line":10,"column":38},"end":{"line":10,"column":39}},"loc":{"start":{"line":10,"column":42},"end":{"line":12,"column":5}},"line":10},"3":{"name":"(anonymous_3)","decl":{"start":{"line":16,"column":37},"end":{"line":16,"column":38}},"loc":{"start":{"line":16,"column":41},"end":{"line":18,"column":5}},"line":16}},"branchMap":{},"s":{"0":1,"1":4,"2":4,"3":1,"4":0,"5":1,"6":0,"7":4},"f":{"0":4,"1":1,"2":0,"3":0},"b":{},"_coverageSchema":"1a1c01bbd47fc00a2c39e90264f33305004495a9","hash":"a4791f5c703dec87151a0a4949c3647024fdf4fa"}
,"C:\\Users\\Ankush Yadav\\Desktop\\Namaste-React-Learning\\Chapter 13-Time for the test\\code\\src\\utilities\\useRestaurantList.js": {"path":"C:\\Users\\Ankush Yadav\\Desktop\\Namaste-React-Learning\\Chapter 13-Time for the test\\code\\src\\utilities\\useRestaurantList.js","statementMap":{"0":{"start":{"line":6,"column":26},"end":{"line":32,"column":1}},"1":{"start":{"line":8,"column":50},"end":{"line":8,"column":62}},"2":{"start":{"line":12,"column":0},"end":{"line":14,"column":7}},"3":{"start":{"line":13,"column":2},"end":{"line":13,"column":14}},"4":{"start":{"line":17,"column":18},"end":{"line":27,"column":1}},"5":{"start":{"line":20,"column":17},"end":{"line":20,"column":48}},"6":{"start":{"line":22,"column":17},"end":{"line":22,"column":34}},"7":{"start":{"line":25,"column":4},"end":{"line":25,"column":101}},"8":{"start":{"line":30,"column":0},"end":{"line":30,"column":25}}},"fnMap":{"0":{"name":"(anonymous_0)","decl":{"start":{"line":6,"column":26},"end":{"line":6,"column":27}},"loc":{"start":{"line":6,"column":30},"end":{"line":32,"column":1}},"line":6},"1":{"name":"(anonymous_1)","decl":{"start":{"line":12,"column":10},"end":{"line":12,"column":11}},"loc":{"start":{"line":12,"column":16},"end":{"line":14,"column":1}},"line":12},"2":{"name":"(anonymous_2)","decl":{"start":{"line":17,"column":18},"end":{"line":17,"column":19}},"loc":{"start":{"line":17,"column":30},"end":{"line":27,"column":1}},"line":17}},"branchMap":{},"s":{"0":1,"1":4,"2":4,"3":1,"4":4,"5":1,"6":1,"7":1,"8":4},"f":{"0":4,"1":1,"2":1},"b":{},"_coverageSchema":"1a1c01bbd47fc00a2c39e90264f33305004495a9","hash":"c2dc00d2c945fe77a517b2db992e033322aaf156"}
}
