{"C:\\Users\\Ankush Yadav\\Desktop\\Namaste-React-Learning\\Chapter 13-Time for the test\\code\\src\\components\\minus.js": {"path":"C:\\Users\\Ankush Yadav\\Desktop\\Namaste-React-Learning\\Chapter 13-Time for the test\\code\\src\\components\\minus.js","statementMap":{"0":{"start":{"line":1,"column":21},"end":{"line":3,"column":1}},"1":{"start":{"line":2,"column":0},"end":{"line":2,"column":12}}},"fnMap":{"0":{"name":"(anonymous_0)","decl":{"start":{"line":1,"column":21},"end":{"line":1,"column":22}},"loc":{"start":{"line":1,"column":30},"end":{"line":3,"column":1}},"line":1}},"branchMap":{},"s":{"0":1,"1":1},"f":{"0":1},"b":{},"_coverageSchema":"1a1c01bbd47fc00a2c39e90264f33305004495a9","hash":"943d1ee1b32fd5a5a1611f56ff48ff3760ff4454"}
,"C:\\Users\\Ankush Yadav\\Desktop\\Namaste-React-Learning\\Chapter 13-Time for the test\\code\\src\\components\\sum.js": {"path":"C:\\Users\\Ankush Yadav\\Desktop\\Namaste-React-Learning\\Chapter 13-Time for the test\\code\\src\\components\\sum.js","statementMap":{"0":{"start":{"line":1,"column":20},"end":{"line":3,"column":2}},"1":{"start":{"line":2,"column":0},"end":{"line":2,"column":13}}},"fnMap":{"0":{"name":"(anonymous_0)","decl":{"start":{"line":1,"column":20},"end":{"line":1,"column":21}},"loc":{"start":{"line":1,"column":27},"end":{"line":3,"column":2}},"line":1}},"branchMap":{},"s":{"0":1,"1":1},"f":{"0":1},"b":{},"_coverageSchema":"1a1c01bbd47fc00a2c39e90264f33305004495a9","hash":"b3f5c958052996acd8a21591a1284c00786cdb8c"}
}
