TN:
SF:Chapter 13-Time for the test\code\src\components\Body.js
FN:10,(anonymous_0)
FN:21,(anonymous_1)
FN:25,(anonymous_2)
FN:26,(anonymous_3)
FN:59,(anonymous_4)
FN:63,(anonymous_5)
FN:82,(anonymous_6)
FN:83,(anonymous_7)
FN:91,(anonymous_8)
FN:92,(anonymous_9)
FN:102,(anonymous_10)
FNF:11
FNH:3
FNDA:5,(anonymous_0)
FNDA:2,(anonymous_1)
FNDA:0,(anonymous_2)
FNDA:0,(anonymous_3)
FNDA:0,(anonymous_4)
FNDA:0,(anonymous_5)
FNDA:0,(anonymous_6)
FNDA:0,(anonymous_7)
FNDA:0,(anonymous_8)
FNDA:0,(anonymous_9)
FNDA:9,(anonymous_10)
DA:10,1
DA:11,5
DA:12,4
DA:13,4
DA:14,4
DA:17,4
DA:21,4
DA:22,2
DA:25,4
DA:26,0
DA:27,0
DA:31,0
DA:34,0
DA:38,4
DA:39,0
DA:42,4
DA:43,3
DA:47,1
DA:60,0
DA:61,0
DA:64,0
DA:65,0
DA:83,0
DA:84,0
DA:92,0
DA:93,0
DA:104,9
LF:27
LH:14
BRDA:27,0,0,0
BRDA:27,0,1,0
BRDA:31,1,0,0
BRDA:31,1,1,0
BRDA:38,2,0,0
BRDA:38,2,1,4
BRDA:42,3,0,3
BRDA:42,3,1,1
BRDA:64,4,0,0
BRDA:64,4,1,0
BRDA:110,5,0,2
BRDA:110,5,1,7
BRF:12
BRH:5
end_of_record
TN:
SF:Chapter 13-Time for the test\code\src\components\Contact.js
FN:2,(anonymous_0)
FNF:1
FNH:1
FNDA:4,(anonymous_0)
DA:2,1
DA:3,4
LF:2
LH:2
BRF:0
BRH:0
end_of_record
TN:
SF:Chapter 13-Time for the test\code\src\components\DisplayPromoted.js
FN:1,(anonymous_0)
FNF:1
FNH:1
FNDA:2,(anonymous_0)
DA:1,2
DA:2,2
LF:2
LH:2
BRF:0
BRH:0
end_of_record
TN:
SF:Chapter 13-Time for the test\code\src\components\Header.js
FN:10,(anonymous_0)
FN:21,(anonymous_1)
FN:59,(anonymous_2)
FNF:3
FNH:3
FNDA:5,(anonymous_0)
FNDA:9,(anonymous_1)
FNDA:1,(anonymous_2)
DA:10,1
DA:12,5
DA:16,5
DA:21,9
DA:26,5
DA:61,1
LF:6
LH:6
BRDA:61,0,0,1
BRDA:61,0,1,0
BRF:2
BRH:1
end_of_record
TN:
SF:Chapter 13-Time for the test\code\src\components\NetworkStatus.js
FN:2,(anonymous_0)
FNF:1
FNH:0
FNDA:0,(anonymous_0)
DA:2,1
DA:4,0
LF:2
LH:1
BRF:0
BRH:0
end_of_record
TN:
SF:Chapter 13-Time for the test\code\src\components\RestaurantCard.js
FN:6,(anonymous_0)
FN:58,(anonymous_1)
FN:59,(anonymous_2)
FNF:3
FNH:3
FNDA:10,(anonymous_0)
FNDA:4,(anonymous_1)
FNDA:2,(anonymous_2)
DA:6,2
DA:8,10
DA:13,10
DA:14,10
DA:16,10
DA:58,2
DA:59,4
DA:60,2
LF:8
LH:8
BRF:0
BRH:0
end_of_record
TN:
SF:Chapter 13-Time for the test\code\src\components\Shimmer.js
FN:5,(anonymous_0)
FNF:1
FNH:1
FNDA:3,(anonymous_0)
DA:5,1
DA:6,3
LF:2
LH:2
BRF:0
BRH:0
end_of_record
TN:
SF:Chapter 13-Time for the test\code\src\components\ShimmerCard.js
FN:2,(anonymous_0)
FNF:1
FNH:1
FNDA:36,(anonymous_0)
DA:2,1
DA:3,36
LF:2
LH:2
BRF:0
BRH:0
end_of_record
TN:
SF:Chapter 13-Time for the test\code\src\components\minus.js
FN:1,(anonymous_0)
FNF:1
FNH:1
FNDA:1,(anonymous_0)
DA:1,1
DA:2,1
LF:2
LH:2
BRF:0
BRH:0
end_of_record
TN:
SF:Chapter 13-Time for the test\code\src\components\sum.js
FN:1,(anonymous_0)
FNF:1
FNH:1
FNDA:1,(anonymous_0)
DA:1,1
DA:2,1
LF:2
LH:2
BRF:0
BRH:0
end_of_record
TN:
SF:Chapter 13-Time for the test\code\src\utilities\UserContext.js
FNF:0
FNH:0
DA:4,1
LF:1
LH:1
BRF:0
BRH:0
end_of_record
TN:
SF:Chapter 13-Time for the test\code\src\utilities\appStore.js
FNF:0
FNH:0
DA:6,1
LF:1
LH:1
BRF:0
BRH:0
end_of_record
TN:
SF:Chapter 13-Time for the test\code\src\utilities\cartSlice.js
FN:17,(anonymous_0)
FN:30,(anonymous_1)
FN:33,(anonymous_2)
FN:40,(anonymous_3)
FNF:4
FNH:0
FNDA:0,(anonymous_0)
FNDA:0,(anonymous_1)
FNDA:0,(anonymous_2)
FNDA:0,(anonymous_3)
DA:5,1
DA:18,0
DA:20,0
DA:31,0
DA:32,0
DA:33,0
DA:34,0
DA:35,0
DA:37,0
DA:41,0
DA:46,1
LF:11
LH:2
BRF:0
BRH:0
end_of_record
TN:
SF:Chapter 13-Time for the test\code\src\utilities\config.js
FNF:0
FNH:0
DA:3,3
DA:5,3
DA:7,3
DA:9,3
DA:11,3
DA:13,3
LF:6
LH:6
BRF:0
BRH:0
end_of_record
TN:
SF:Chapter 13-Time for the test\code\src\utilities\useOnlineStatus.js
FN:3,(anonymous_0)
FN:7,(anonymous_1)
FN:10,(anonymous_2)
FN:16,(anonymous_3)
FNF:4
FNH:2
FNDA:4,(anonymous_0)
FNDA:1,(anonymous_1)
FNDA:0,(anonymous_2)
FNDA:0,(anonymous_3)
DA:3,1
DA:4,4
DA:7,4
DA:10,1
DA:11,0
DA:16,1
DA:17,0
DA:23,4
LF:8
LH:6
BRF:0
BRH:0
end_of_record
TN:
SF:Chapter 13-Time for the test\code\src\utilities\useRestaurantList.js
FN:6,(anonymous_0)
FN:12,(anonymous_1)
FN:17,(anonymous_2)
FNF:3
FNH:3
FNDA:4,(anonymous_0)
FNDA:1,(anonymous_1)
FNDA:1,(anonymous_2)
DA:6,1
DA:8,4
DA:12,4
DA:13,1
DA:17,4
DA:20,1
DA:22,1
DA:25,1
DA:30,4
LF:9
LH:9
BRF:0
BRH:0
end_of_record
